<?xml version="1.0" encoding="UTF-8"?>
<!-- Generated by org.testng.reporters.JUnitXMLReporter -->
<testsuite ignored="0" hostname="EricsLaptop" failures="0" tests="6" name="Default test" time="4.955" errors="0" timestamp="2024-01-11T16:30:20 CST">
  <testcase classname="api.tests.DDTests" name="testPostuser" time="1.978"/>
  <testcase classname="api.tests.DDTests" name="testPostuser" time="0.386"/>
  <testcase classname="api.tests.DDTests" name="testPostuser" time="0.374"/>
  <testcase classname="api.tests.DDTests" name="testDeleteUserByName" time="0.428"/>
  <testcase classname="api.tests.DDTests" name="testDeleteUserByName" time="0.32"/>
  <testcase classname="api.tests.DDTests" name="testDeleteUserByName" time="0.383"/>
</testsuite> <!-- Default test -->
